irun: 15.20-s022: (c) Copyright 1995-2017 Cadence Design Systems, Inc.
TOOL:	irun	15.20-s022: Started on Apr 29, 2018 at 18:40:00 CDT
irun
	-f cmd_line_comp_elab.f
		+access+rwc
		-timescale 1ns/1ns
		-elaborate
		-coverage A
		-covoverwrite
		-covfile ./cov_conf.ccf
		-uvmhome /softwares/Linux/cadence/INCISIVE152/tools/methodology/UVM/CDNS-1.1d/sv
		+UVM_VERBOSITY=UVM_LOW
		-f file_list.f
			-incdir ../uvm
			-incdir ../test
			../design/lv2/def_lv2.sv
			../design/common/addr_segregator_proc.sv
			../design/lv2/lru_block_lv2.sv
			../design/common/blk_hit_proc_md.sv
			../design/common/access_blk_proc_md.sv
			../design/common/free_blk_md.sv
			../design/common/blk_to_be_accessed_md.sv
			../design/lv2/main_func_lv2.sv
			../design/lv2/cache_block_lv2.sv
			../design/lv2/cache_controller_lv2.sv
			../design/lv2/cache_wrapper_lv2.sv
			../design/lv1/def_lv1.sv
			../design/lv1/access_blk_snoop_md.sv
			../design/lv1/addr_segregator_snoop.sv
			../design/lv1/blk_hit_snoop_md.sv
			../design/lv1/blk_to_be_accessed_snoop_md.sv
			../design/lv1/lru_block_lv1.sv
			../design/lv1/mesi_fsm_lv1.sv
			../design/lv1/main_func_lv1_il.sv
			../design/lv1/main_func_lv1_dl.sv
			../design/lv1/cache_controller_lv1_il.sv
			../design/lv1/cache_controller_lv1_dl.sv
			../design/lv1/cache_block_lv1_il.sv
			../design/lv1/cache_block_lv1_dl.sv
			../design/lv1/cache_wrapper_lv1_il.sv
			../design/lv1/cache_wrapper_lv1_dl.sv
			../design/lv1/cache_lv1_unicore.sv
			../design/lv1/cache_lv1_multicore.sv
			../design/cache_top.sv
			../gold/memory.sv
			../gold/lrs_arbiter.sv
			../uvm/cpu_lv1_interface.sv
			../uvm/system_bus_interface.sv
			../uvm/cpu_mesi_lru_interface.sv
			../uvm/cpu_pkg.sv
			../uvm/top.sv

   User defined plus("+") options:
	+UVM_VERBOSITY=UVM_LOW

Compiling UVM packages (uvm_pkg.sv cdns_uvm_pkg.sv) using uvmhome location /softwares/Linux/cadence/INCISIVE152/tools/methodology/UVM/CDNS-1.1d/sv
file: ../uvm/top.sv
`include "mesi_state.sv"
                       |
ncvlog: *E,COFILX (../test/test_lib.svh,11|23): cannot open include file 'mesi_state.sv'.
(`include file: ../test/test_lib.svh line 11, file: ../uvm/top.sv line 41)
	module worklib.top:sv
		errors: 1, warnings: 0
irun: *E,VLGERR: An error occurred during parsing.  Review the log file for errors with the code *E and fix those identified problems to proceed.  Exiting with code (status 1).
TOOL:	irun	15.20-s022: Exiting on Apr 29, 2018 at 18:40:02 CDT  (total: 00:00:02)
